<?xml version="1.0" encoding="UTF-8"?>
<testng-results skipped="0" failed="0" ignored="0" total="1" passed="1">
  <reporter-output>
  </reporter-output>
  <suite name="Default suite" duration-ms="87" started-at="2022-01-11T10:46:17 IST" finished-at="2022-01-11T10:46:17 IST">
    <groups>
    </groups>
    <test name="Default test" duration-ms="87" started-at="2022-01-11T10:46:17 IST" finished-at="2022-01-11T10:46:17 IST">
      <class name="TestNG.NewTest1">
        <test-method status="PASS" signature="practice()[pri:0, instance:TestNG.NewTest1@5a1c0542]" name="practice" duration-ms="16" started-at="2022-01-11T10:46:17 IST" finished-at="2022-01-11T10:46:17 IST">
          <reporter-output>
          </reporter-output>
        </test-method> <!-- practice -->
      </class> <!-- TestNG.NewTest1 -->
    </test> <!-- Default test -->
  </suite> <!-- Default suite -->
</testng-results>
